2026-05-03 15:20:39 [INFO    ] autopointer: ログ出力先: C:\Users\wtaki\GitHub\Auto-Pointer\logs\server_20260503_152039.log
2026-05-03 15:20:39 [INFO    ] autopointer: [INFO] PPTXファイル未指定 → ブラウザからアップロードしてください
2026-05-03 15:20:39 [INFO    ] autopointer: 
🚀 サーバー起動: http://0.0.0.0:8000
2026-05-03 15:20:39 [INFO    ] autopointer:    ブラウザで上記URLにアクセスしてください

2026-05-03 15:20:39 [INFO    ] autopointer: [INFO] asyncioループ取得完了
2026-05-03 15:20:45 [INFO    ] autopointer: [WS] クライアント接続: 56wdNY56vUVI_Px-AAAB
2026-05-03 15:22:40 [INFO    ] autopointer: [UPLOAD] PPTXアップロード受信: AI自動ポインティングシステムの発案.pptx (1283KB)
2026-05-03 15:22:40 [INFO    ] autopointer: [PPTX_SETUP] processing (10%): PPTXを解析中...
2026-05-03 15:22:46 [ERROR   ] autopointer: [PPTX_SETUP] エラー: [WinError -2147221008] CoInitialize は呼び出されていません。
Traceback (most recent call last):
  File "C:\Users\wtaki\GitHub\Auto-Pointer\server.py", line 344, in _run_pptx_setup
    slide_json, image_paths = await loop.run_in_executor(
  File "C:\Users\wtaki\miniconda3\envs\auto_pointer\lib\concurrent\futures\thread.py", line 58, in run
    result = self.fn(*self.args, **self.kwargs)
  File "C:\Users\wtaki\GitHub\Auto-Pointer\server.py", line 346, in <lambda>
    lambda: setup_from_pptx(pptx_path, output_dir=output_dir)
  File "C:\Users\wtaki\GitHub\Auto-Pointer\mvp_test.py", line 281, in setup_from_pptx
    image_paths = export_slides_as_images(pptx_path, images_dir, width_px=image_width)
  File "C:\Users\wtaki\GitHub\Auto-Pointer\slide_parser.py", line 184, in export_slides_as_images
    ppt_app = comtypes.client.CreateObject("PowerPoint.Application")
  File "C:\Users\wtaki\miniconda3\envs\auto_pointer\lib\site-packages\comtypes\client\_create.py", line 99, in CreateObject
    obj = comtypes.CoCreateInstance(clsid, clsctx=clsctx, interface=interface)
  File "C:\Users\wtaki\miniconda3\envs\auto_pointer\lib\site-packages\comtypes\_post_coinit\misc.py", line 141, in CoCreateInstance
    _CoCreateInstance(byref(clsid), punkouter, clsctx, byref(iid), byref(p))
  File "_ctypes/callproc.c", line 993, in GetResult
OSError: [WinError -2147221008] CoInitialize は呼び出されていません。
2026-05-03 15:22:46 [INFO    ] autopointer: [PPTX_SETUP] error (0%): エラー: OSError: [WinError -2147221008] CoInitialize は呼び出されていません。
2026-05-03 15:23:45 [INFO    ] autopointer: [WS] クライアント切断: 56wdNY56vUVI_Px-AAAB
