2026-05-07 13:36:21 [INFO    ] autopointer: ログ出力先: C:\Users\admin\GitHub\Auto-Pointer\logs\server_20260507_133621.log
2026-05-07 13:36:21 [INFO    ] autopointer: [INFO] PPTXファイル未指定 → ブラウザからアップロードしてください
2026-05-07 13:36:21 [INFO    ] autopointer: 
🚀 サーバー起動: http://0.0.0.0:8000
2026-05-07 13:36:21 [INFO    ] autopointer:    ブラウザで上記URLにアクセスしてください

2026-05-07 13:36:21 [INFO    ] autopointer: [INFO] asyncioループ取得完了
2026-05-07 13:36:21 [INFO    ] autopointer: [INFO] マイクASRを自動起動します...
2026-05-07 13:36:21 [INFO    ] autopointer: [ASR] ワーカースレッド起動
2026-05-07 13:36:30 [INFO    ] autopointer: [WS] クライアント接続: 5t34XUj2gzF3SpZIAAAB
2026-05-07 13:36:37 [INFO    ] autopointer: [ASR] モデルロード中: small / cuda / float16
2026-05-07 13:36:45 [INFO    ] autopointer: [ASR] モデルロード完了。マイク入力開始...
2026-05-07 13:36:57 [INFO    ] autopointer: [ASR] 停止シグナル送信...
2026-05-07 13:37:02 [INFO    ] autopointer: [ASR] ワーカースレッド停止完了
2026-05-07 13:37:02 [INFO    ] autopointer: [ASR] ワーカースレッド終了
2026-05-07 13:37:11 [INFO    ] autopointer: [UPLOAD] PPTXアップロード受信: AI自動ポインティングシステムの発案.pptx (1283KB)
2026-05-07 13:37:11 [INFO    ] autopointer: [PPTX_SETUP] processing (10%): PPTXを解析中...
2026-05-07 13:37:12 [ERROR   ] autopointer: [PPTX_SETUP] エラー: No module named 'comtypes'
Traceback (most recent call last):
  File "C:\Users\admin\GitHub\Auto-Pointer\server.py", line 354, in _run_pptx_setup
    slide_json, image_paths = await loop.run_in_executor(
  File "C:\Users\admin\miniconda3\envs\auto_pointer\lib\concurrent\futures\thread.py", line 58, in run
    result = self.fn(*self.args, **self.kwargs)
  File "C:\Users\admin\GitHub\Auto-Pointer\server.py", line 347, in _setup_with_coinit
    import comtypes
ModuleNotFoundError: No module named 'comtypes'
2026-05-07 13:37:12 [INFO    ] autopointer: [PPTX_SETUP] error (0%): エラー: ModuleNotFoundError: No module named 'comtypes'
2026-05-07 13:37:37 [INFO    ] autopointer: [WS] クライアント切断: 5t34XUj2gzF3SpZIAAAB
